<?xml version="1.0" encoding="UTF-8"?>
<testsuite name="com.eclecticengineering.bdm.ChanceTest" tests="2" skipped="0" failures="0" errors="0" timestamp="2022-02-13T23:28:41" hostname="JJONES-USP1" time="0.043">
  <properties/>
  <testcase name="simpleChance()" classname="com.eclecticengineering.bdm.ChanceTest" time="0.042"/>
  <testcase name="simpleChanceWithNullCounter()" classname="com.eclecticengineering.bdm.ChanceTest" time="0.001"/>
  <system-out><![CDATA[]]></system-out>
  <system-err><![CDATA[]]></system-err>
</testsuite>
